# Logfile created on 2014-01-06 21:54:08 +0800 by logger.rb/44203
I, [2014-01-06T21:54:08.307120 #21914]  INFO -- : 0:  RedCloth (4.2.9) from /home/lyfing/.rvm/gems/ruby-2.1.0/specifications/RedCloth-4.2.9.gemspec
I, [2014-01-06T21:54:11.649372 #21914]  INFO -- : 0:  blankslate (2.1.2.4) from /home/lyfing/.rvm/gems/ruby-2.1.0/specifications/blankslate-2.1.2.4.gemspec
I, [2014-01-06T21:54:15.768093 #21914]  INFO -- : 0:  fast-stemmer (1.0.2) from /home/lyfing/.rvm/gems/ruby-2.1.0/specifications/fast-stemmer-1.0.2.gemspec
I, [2014-01-06T21:54:23.738254 #21914]  INFO -- : 0:  classifier (1.3.4) from /home/lyfing/.rvm/gems/ruby-2.1.0/specifications/classifier-1.3.4.gemspec
I, [2014-01-06T21:54:26.608367 #21914]  INFO -- : 0:  colorator (0.1) from /home/lyfing/.rvm/gems/ruby-2.1.0/specifications/colorator-0.1.gemspec
I, [2014-01-06T21:54:33.013018 #21914]  INFO -- : 0:  highline (1.6.20) from /home/lyfing/.rvm/gems/ruby-2.1.0/specifications/highline-1.6.20.gemspec
I, [2014-01-06T21:54:38.080413 #21914]  INFO -- : 0:  commander (4.1.5) from /home/lyfing/.rvm/gems/ruby-2.1.0/specifications/commander-4.1.5.gemspec
I, [2014-01-06T21:55:25.371140 #21914]  INFO -- : 0:  ffi (1.9.3) from /home/lyfing/.rvm/gems/ruby-2.1.0/specifications/ffi-1.9.3.gemspec
I, [2014-01-06T21:55:28.405833 #21914]  INFO -- : 0:  liquid (2.5.4) from /home/lyfing/.rvm/gems/ruby-2.1.0/specifications/liquid-2.5.4.gemspec
I, [2014-01-06T21:55:32.712313 #21914]  INFO -- : 0:  rb-fsevent (0.9.4) from /home/lyfing/.rvm/gems/ruby-2.1.0/specifications/rb-fsevent-0.9.4.gemspec
I, [2014-01-06T21:55:34.270063 #21914]  INFO -- : 0:  rb-inotify (0.9.3) from /home/lyfing/.rvm/gems/ruby-2.1.0/specifications/rb-inotify-0.9.3.gemspec
I, [2014-01-06T21:55:36.105453 #21914]  INFO -- : 0:  rb-kqueue (0.2.0) from /home/lyfing/.rvm/gems/ruby-2.1.0/specifications/rb-kqueue-0.2.0.gemspec
I, [2014-01-06T21:55:39.403002 #21914]  INFO -- : 0:  listen (1.3.1) from /home/lyfing/.rvm/gems/ruby-2.1.0/specifications/listen-1.3.1.gemspec
I, [2014-01-06T21:55:46.915042 #21914]  INFO -- : 0:  maruku (0.7.0) from /home/lyfing/.rvm/gems/ruby-2.1.0/specifications/maruku-0.7.0.gemspec
I, [2014-01-06T21:55:49.845137 #21914]  INFO -- : 0:  posix-spawn (0.3.8) from /home/lyfing/.rvm/gems/ruby-2.1.0/specifications/posix-spawn-0.3.8.gemspec
I, [2014-01-06T21:56:06.227843 #21914]  INFO -- : 0:  yajl-ruby (1.1.0) from /home/lyfing/.rvm/gems/ruby-2.1.0/specifications/yajl-ruby-1.1.0.gemspec
I, [2014-01-06T21:56:38.850814 #21914]  INFO -- : 0:  pygments.rb (0.5.4) from /home/lyfing/.rvm/gems/ruby-2.1.0/specifications/pygments.rb-0.5.4.gemspec
I, [2014-01-06T21:56:46.604881 #21914]  INFO -- : 0:  redcarpet (2.3.0) from /home/lyfing/.rvm/gems/ruby-2.1.0/specifications/redcarpet-2.3.0.gemspec
I, [2014-01-06T21:56:48.351340 #21914]  INFO -- : 0:  safe_yaml (0.9.7) from /home/lyfing/.rvm/gems/ruby-2.1.0/specifications/safe_yaml-0.9.7.gemspec
I, [2014-01-06T21:56:50.303325 #21914]  INFO -- : 0:  parslet (1.5.0) from /home/lyfing/.rvm/gems/ruby-2.1.0/specifications/parslet-1.5.0.gemspec
I, [2014-01-06T21:56:52.724726 #21914]  INFO -- : 0:  toml (0.1.0) from /home/lyfing/.rvm/gems/ruby-2.1.0/specifications/toml-0.1.0.gemspec
I, [2014-01-06T21:57:00.538043 #21914]  INFO -- : 0:  jekyll (1.4.2) from /home/lyfing/.rvm/gems/ruby-2.1.0/specifications/jekyll-1.4.2.gemspec
I, [2014-01-06T21:57:11.655415 #21914]  INFO -- : 0:  kramdown (1.2.0) from /home/lyfing/.rvm/gems/ruby-2.1.0/specifications/kramdown-1.2.0.gemspec
I, [2014-01-06T21:57:22.131876 #21914]  INFO -- : 0:  rdiscount (2.1.7) from /home/lyfing/.rvm/gems/ruby-2.1.0/specifications/rdiscount-2.1.7.gemspec
I, [2014-01-06T21:57:24.491505 #21914]  INFO -- : 0:  github-pages (12) from /home/lyfing/.rvm/gems/ruby-2.1.0/specifications/github-pages-12.gemspec
I, [2014-01-06T21:57:24.492608 #21914]  INFO -- : 0:  bundler (1.5.1) from /home/lyfing/.rvm/gems/ruby-2.1.0/specifications/bundler-1.5.1.gemspec
